
+---------------------------------------------------------------------------------+
|         CKKS Performance Test with Degrees: 4096, 8192, 16384 and 32768         |
+---------------------------------------------------------------------------------+
/
| Encryption parameters :
|   scheme: CKKS
|   poly_modulus_degree: 4096
|   coeff_modulus size: 109 (36 + 36 + 37) bits
\

Generating secret/public keys: Done
Generating relinearization keys: Done [3057 microseconds]
Running tests .......... Done

[CPU] Average rescale: 800 microseconds
[CPU] Ratio of multiply: 11.7564
[CPU] Ratio of relinearization: 60.0845
[CPU] Ratio of rescale: 28.1591

+------------------------------------------------------+
|         Perform test on Tesla V100-PCIE-32GB         |
+------------------------------------------------------+
/
| Encryption parameters :
|   scheme: CKKS
|   poly_modulus_degree: 4096
|   coeff_modulus size: 109 (36 + 36 + 37) bits
\

Generating secret/public keys: Done
Generating relinearization keys: Done [1803 microseconds]
Running tests .......... Done

[GPU] Average rescale: 6323.3 microseconds
[GPU] Average ntt: 4967.9 microseconds
[GPU] Average intt: 6442 microseconds
[GPU] Average rescale(whole): 17733.2 microseconds
[GPU] Average data_transmission: 147.9 microseconds
[GPU] Average rescale(whole + data_transmission): 17881.1 microseconds

+------------------------------------------------------+
|         Perform test on Tesla P100-PCIE-16GB         |
+------------------------------------------------------+
/
| Encryption parameters :
|   scheme: CKKS
|   poly_modulus_degree: 4096
|   coeff_modulus size: 109 (36 + 36 + 37) bits
\

Generating secret/public keys: Done
Generating relinearization keys: Done [1199 microseconds]
Running tests .......... Done

[GPU] Average rescale: 13794.7 microseconds
[GPU] Average ntt: 8333.5 microseconds
[GPU] Average intt: 10348.3 microseconds
[GPU] Average rescale(whole): 32476.5 microseconds
[GPU] Average data_transmission: 147.5 microseconds
[GPU] Average rescale(whole + data_transmission): 32624 microseconds

/
| Encryption parameters :
|   scheme: CKKS
|   poly_modulus_degree: 8192
|   coeff_modulus size: 218 (43 + 43 + 44 + 44 + 44) bits
\

Generating secret/public keys: Done
Generating relinearization keys: Done [8201 microseconds]
Running tests .......... Done

[CPU] Average rescale: 2520 microseconds
[CPU] Ratio of multiply: 9.87049
[CPU] Ratio of relinearization: 60.728
[CPU] Ratio of rescale: 29.4015

+------------------------------------------------------+
|         Perform test on Tesla V100-PCIE-32GB         |
+------------------------------------------------------+
/
| Encryption parameters :
|   scheme: CKKS
|   poly_modulus_degree: 8192
|   coeff_modulus size: 218 (43 + 43 + 44 + 44 + 44) bits
\

Generating secret/public keys: Done
Generating relinearization keys: Done [6761 microseconds]
Running tests .......... Done

[GPU] Average rescale: 30941.1 microseconds
[GPU] Average ntt: 12364.9 microseconds
[GPU] Average intt: 14141.5 microseconds
[GPU] Average rescale(whole): 57447.5 microseconds
[GPU] Average data_transmission: 349.7 microseconds
[GPU] Average rescale(whole + data_transmission): 57797.2 microseconds

+------------------------------------------------------+
|         Perform test on Tesla P100-PCIE-16GB         |
+------------------------------------------------------+
/
| Encryption parameters :
|   scheme: CKKS
|   poly_modulus_degree: 8192
|   coeff_modulus size: 218 (43 + 43 + 44 + 44 + 44) bits
\

Generating secret/public keys: Done
Generating relinearization keys: Done [6797 microseconds]
Running tests .......... Done

[GPU] Average rescale: 66599 microseconds
[GPU] Average ntt: 17498.7 microseconds
[GPU] Average intt: 21452.2 microseconds
[GPU] Average rescale(whole): 105550 microseconds
[GPU] Average data_transmission: 338.1 microseconds
[GPU] Average rescale(whole + data_transmission): 105888 microseconds

/
| Encryption parameters :
|   scheme: CKKS
|   poly_modulus_degree: 16384
|   coeff_modulus size: 438 (48 + 48 + 48 + 49 + 49 + 49 + 49 + 49 + 49) bits
\

Generating secret/public keys: Done
Generating relinearization keys: Done [50807 microseconds]
Running tests .......... Done

[CPU] Average rescale: 11770 microseconds
[CPU] Ratio of multiply: 8.41143
[CPU] Ratio of relinearization: 66.8007
[CPU] Ratio of rescale: 24.7878

+------------------------------------------------------+
|         Perform test on Tesla V100-PCIE-32GB         |
+------------------------------------------------------+
/
| Encryption parameters :
|   scheme: CKKS
|   poly_modulus_degree: 16384
|   coeff_modulus size: 438 (48 + 48 + 48 + 49 + 49 + 49 + 49 + 49 + 49) bits
\

Generating secret/public keys: Done
Generating relinearization keys: Done [46561 microseconds]
Running tests .......... Done

[GPU] Average rescale: 167037 microseconds
[GPU] Average ntt: 29976.9 microseconds
[GPU] Average intt: 34736.9 microseconds
[GPU] Average rescale(whole): 231750 microseconds
[GPU] Average data_transmission: 1214.9 microseconds
[GPU] Average rescale(whole + data_transmission): 232965 microseconds

+------------------------------------------------------+
|         Perform test on Tesla P100-PCIE-16GB         |
+------------------------------------------------------+
/
| Encryption parameters :
|   scheme: CKKS
|   poly_modulus_degree: 16384
|   coeff_modulus size: 438 (48 + 48 + 48 + 49 + 49 + 49 + 49 + 49 + 49) bits
\

Generating secret/public keys: Done
Generating relinearization keys: Done [46517 microseconds]
Running tests .......... Done

[GPU] Average rescale: 295781 microseconds
[GPU] Average ntt: 40993.2 microseconds
[GPU] Average intt: 50099.2 microseconds
[GPU] Average rescale(whole): 386873 microseconds
[GPU] Average data_transmission: 1220.4 microseconds
[GPU] Average rescale(whole + data_transmission): 388094 microseconds

/
| Encryption parameters :
|   scheme: CKKS
|   poly_modulus_degree: 32768
|   coeff_modulus size: 881 (55 + 55 + 55 + 55 + 55 + 55 + 55 + 55 + 55 + 55 + 55 + 55 + 55 + 55 + 55 + 56) bits
\

Generating secret/public keys: Done
Generating relinearization keys: Done [333051 microseconds]
Running tests .......... Done

[CPU] Average rescale: 49137 microseconds
[CPU] Ratio of multiply: 6.37232
[CPU] Ratio of relinearization: 74.7117
[CPU] Ratio of rescale: 18.916

+------------------------------------------------------+
|         Perform test on Tesla V100-PCIE-32GB         |
+------------------------------------------------------+
/
| Encryption parameters :
|   scheme: CKKS
|   poly_modulus_degree: 32768
|   coeff_modulus size: 881 (55 + 55 + 55 + 55 + 55 + 55 + 55 + 55 + 55 + 55 + 55 + 55 + 55 + 55 + 55 + 56) bits
\

Generating secret/public keys: Done
Generating relinearization keys: Done [305581 microseconds]
Running tests .......... Done

[GPU] Average rescale: 689927 microseconds
[GPU] Average ntt: 86253.7 microseconds
[GPU] Average intt: 100937 microseconds
[GPU] Average rescale(whole): 877117 microseconds
[GPU] Average data_transmission: 4876.4 microseconds
[GPU] Average rescale(whole + data_transmission): 881994 microseconds

+------------------------------------------------------+
|         Perform test on Tesla P100-PCIE-16GB         |
+------------------------------------------------------+
/
| Encryption parameters :
|   scheme: CKKS
|   poly_modulus_degree: 32768
|   coeff_modulus size: 881 (55 + 55 + 55 + 55 + 55 + 55 + 55 + 55 + 55 + 55 + 55 + 55 + 55 + 55 + 55 + 56) bits
\

Generating secret/public keys: Done
Generating relinearization keys: Done [305520 microseconds]
Running tests .......... Done

[GPU] Average rescale: 1.24665e+06 microseconds
[GPU] Average ntt: 125682 microseconds
[GPU] Average intt: 129133 microseconds
[GPU] Average rescale(whole): 1.50147e+06 microseconds
[GPU] Average data_transmission: 4785.6 microseconds
[GPU] Average rescale(whole + data_transmission): 1.50625e+06 microseconds
